<?xml version="1.0" encoding="UTF-8"?>
<!-- Generated by org.testng.reporters.JUnitReportReporter -->
<testsuite hostname="CWB_PC-PC" name="com.cxb.cw.cxbTest" tests="1" failures="0" timestamp="21 Sep 2015 11:26:19 GMT" time="32.693" errors="0">
  <testcase name="yijianfk" time="32.693" classname="com.cxb.cw.cxbTest"/>
</testsuite> <!-- com.cxb.cw.cxbTest -->
